{
  "RSpec": {
    "coverage": {
      "/home/celebrated-environment-7884/tic-tac-toe-rb-online-web-sp-000/lib/tic_tac_toe.rb": [
        null,
        1,
        1,
        7,
        7,
        7,
        7,
        7,
        null,
        null,
        1,
        6,
        null,
        null,
        1,
        6,
        null,
        null,
        1,
        6,
        2,
        4,
        1,
        null,
        3,
        null,
        null,
        null,
        1,
        3,
        3,
        3,
        3,
        2,
        2,
        null,
        1,
        null,
        null,
        null,
        null,
        1,
        8,
        null,
        null,
        null,
        null,
        null,
        1,
        null,
        null,
        null,
        null,
        null,
        null,
        null,
        null,
        null,
        1,
        15,
        95,
        95,
        95,
        null,
        95,
        95,
        95,
        null,
        95,
        6,
        89,
        1,
        null,
        null,
        8,
        null,
        null,
        1,
        56,
        null,
        null,
        1,
        5,
        2,
        null,
        3,
        null,
        null,
        null,
        1,
        3,
        1,
        2,
        1,
        1,
        0,
        null,
        1,
        null,
        null,
        null,
        1,
        3,
        3,
        3,
        null,
        null,
        2,
        1,
        null,
        1,
        null,
        null,
        null,
        null
      ]
    },
    "timestamp": 1574282640
  }
}
